Retrieving net/mikera/core.matrix/0.10.0/core.matrix-0.10.0.pom from clojars
Retrieving net/mikera/vectorz-clj/0.14.0/vectorz-clj-0.14.0.pom from clojars
Retrieving net/mikera/vectorz/0.20.0/vectorz-0.20.0.pom from clojars
Retrieving us/bpsm/edn-java/0.4.3/edn-java-0.4.3.pom from central
Retrieving net/mikera/randomz/0.2.0/randomz-0.2.0.pom from clojars
Retrieving net/mikera/mathz/0.2.0/mathz-0.2.0.pom from clojars
Retrieving net/mikera/clojure-utils/0.4.0/clojure-utils-0.4.0.pom from clojars
Retrieving us/bpsm/edn-java/0.4.3/edn-java-0.4.3.jar from central
Retrieving net/mikera/core.matrix/0.10.0/core.matrix-0.10.0.jar from clojars
Retrieving net/mikera/mathz/0.2.0/mathz-0.2.0.jar from clojars
Retrieving net/mikera/vectorz-clj/0.14.0/vectorz-clj-0.14.0.jar from clojars
Retrieving net/mikera/randomz/0.2.0/randomz-0.2.0.jar from clojars
Retrieving net/mikera/vectorz/0.20.0/vectorz-0.20.0.jar from clojars
Retrieving net/mikera/clojure-utils/0.4.0/clojure-utils-0.4.0.jar from clojars
[36m= Namespace matrixtests-test[0m

current core.matrix implementation
----------------------------------
:vectorz 

inititalizing the tests:
------------------------
(clojure.core/dotimes [i matrixtests-test/nx] (clojure.core/dotimes [j matrixtests-test/ny] (cg-aset! dd i j 42.0)))
"Elapsed time: 3.574948 msecs"
functional tests
----------------
[36mChecking optimal hints on aget, CGrande[0m
[36mChecking optimal hints/macros on aget, CGrande[0m
... omitting further get/set tests

[36mChecking clx/+ is ok for Clatrix matrix[0m

clx/+ is not suitable for clojure array/matrix
----------------------------------------------
clojure.lang.PersistentVector cannot be cast to java.lang.Number

clx/+ is not suitable for core.matrix matrix
--------------------------------------------
mikera.matrixx.Matrix22 cannot be cast to java.lang.Number

[36mChecking M/add is ok for core.matrix matrix[0m

testing matrix subtraction
--------------------------
[36mChecking clx/- is ok for Clatrix matrix[0m
[36mChecking M/sub is ok for core.matrix matrix[0m

testing matrix multiplication (inner product)
---------------------------------------------
[36mChecking clx/* is ok for Clatrix matrix[0m

[36mChecking M/mmul is 'ok' for core.matrix matrix[0m

testing matrix multiplication (scalar product)
----------------------------------------------
[36mChecking clx/* is ok for Clatrix matrix[0m
[36mChecking M/mmul is ok for core.matrix matrix[0m

testing submatrices in expressions
----------------------------------
[36mChecking (clx/* 1.0 (E-1 DD 2 2) (clx/- CT*2 CT))[0m
[36mChecking (clx/* 1.0 (E-2 DD 2 2) (clx/- CT*2 CT))[0m
[36mChecking (clx/* 1.0 (E-3 DD 2 2) (clx/- CT*2 CT))[0m
[36mChecking (M/mmul 1.0 (E-4 DCM 2 2) (M/sub CMT*2 CMT))[0m

functional tests done.

[36mChecking aget! variants[0m

- optimal hints on aget, CGrande
--------------------------------
once-only reference:
(clojure.core/dotimes [i matrixtests-test/nx] (clojure.core/dotimes [j matrixtests-test/ny] (let [a (aget dd i)] (aget a j))))
"Elapsed time: 3.765251 msecs"
WARNING: Final GC required 7.605164692485586 % of runtime
Evaluation count : 444900 in 60 samples of 7415 calls.
             Execution time mean : 135.821849 µs
    Execution time std-deviation : 1.108981 µs
   Execution time lower quantile : 135.088491 µs ( 2.5%)
   Execution time upper quantile : 138.338625 µs (97.5%)
                   Overhead used : 17.896450 ns

Found 6 outliers in 60 samples (10.0000 %)
	low-severe	 3 (5.0000 %)
	low-mild	 3 (5.0000 %)
 Variance from outliers : 1.6389 % Variance is slightly inflated by outliers

- optimal hints/macros on aget, CGrande
---------------------------------------
once-only reference:
(clojure.core/dotimes [i matrixtests-test/nx] (clojure.core/dotimes [j matrixtests-test/ny] (deep-aget doubles dd i j)))
"Elapsed time: 3.030058 msecs"
Evaluation count : 446700 in 60 samples of 7445 calls.
             Execution time mean : 136.164703 µs
    Execution time std-deviation : 1.059591 µs
   Execution time lower quantile : 135.462394 µs ( 2.5%)
   Execution time upper quantile : 139.019284 µs (97.5%)
                   Overhead used : 17.896450 ns

Found 8 outliers in 60 samples (13.3333 %)
	low-severe	 3 (5.0000 %)
	low-mild	 5 (8.3333 %)
 Variance from outliers : 1.6389 % Variance is slightly inflated by outliers

- optimal hints/macros/cg-aget! on aget, CGrande
------------------------------------------------
once-only reference:
(clojure.core/dotimes [i matrixtests-test/nx] (clojure.core/dotimes [j matrixtests-test/ny] (cg-aget! dd i j)))
"Elapsed time: 3.083843 msecs"
Evaluation count : 446880 in 60 samples of 7448 calls.
             Execution time mean : 136.129104 µs
    Execution time std-deviation : 932.629054 ns
   Execution time lower quantile : 135.415826 µs ( 2.5%)
   Execution time upper quantile : 138.970600 µs (97.5%)
                   Overhead used : 17.896450 ns

Found 6 outliers in 60 samples (10.0000 %)
	low-severe	 1 (1.6667 %)
	low-mild	 5 (8.3333 %)
 Variance from outliers : 1.6389 % Variance is slightly inflated by outliers

- optimal hints/macros/f-cg-aget! on aget, CGrande
--------------------------------------------------
once-only reference:
(clojure.core/dotimes [i matrixtests-test/nx] (clojure.core/dotimes [j matrixtests-test/ny] (f-cg-aget! dd i j)))
"Elapsed time: 4.634679 msecs"
Evaluation count : 73140 in 60 samples of 1219 calls.
             Execution time mean : 843.676694 µs
    Execution time std-deviation : 15.298496 µs
   Execution time lower quantile : 823.001288 µs ( 2.5%)
   Execution time upper quantile : 875.482708 µs (97.5%)
                   Overhead used : 17.896450 ns

- optimal hints/macros/lj-aget! on aget, LJensen
------------------------------------------------
once-only reference:
(clojure.core/dotimes [i matrixtests-test/nx] (clojure.core/dotimes [j matrixtests-test/ny] (lj-aget! dd i j)))
"Elapsed time: 3.090348 msecs"
Evaluation count : 427740 in 60 samples of 7129 calls.
             Execution time mean : 141.747133 µs
    Execution time std-deviation : 3.177789 µs
   Execution time lower quantile : 138.735080 µs ( 2.5%)
   Execution time upper quantile : 148.648383 µs (97.5%)
                   Overhead used : 17.896450 ns

Found 1 outliers in 60 samples (1.6667 %)
	low-severe	 1 (1.6667 %)
 Variance from outliers : 10.9614 % Variance is moderately inflated by outliers
[36mChecking aset! variants[0m

- improved hints on aset, CGrande
---------------------------------
once-only reference:
(clojure.core/dotimes [i matrixtests-test/nx] (clojure.core/dotimes [j matrixtests-test/ny] (let [a (aget dd i)] (aset a j 42.0))))
"Elapsed time: 3.028029 msecs"
Evaluation count : 427320 in 60 samples of 7122 calls.
             Execution time mean : 259.918491 µs
    Execution time std-deviation : 329.659927 µs
   Execution time lower quantile : 140.105868 µs ( 2.5%)
   Execution time upper quantile : 1.350522 ms (97.5%)
                   Overhead used : 17.896450 ns

Found 11 outliers in 60 samples (18.3333 %)
	low-severe	 11 (18.3333 %)
 Variance from outliers : 98.3177 % Variance is severely inflated by outliers

- optimal hints on aset, CGrande
--------------------------------
once-only reference:
(clojure.core/dotimes [i matrixtests-test/nx] (clojure.core/dotimes [j matrixtests-test/ny] (let [a (aget dd i)] (aset a j (double 42.0)))))
"Elapsed time: 3.235625 msecs"
WARNING: Final GC required 2.236618974462017 % of runtime
Evaluation count : 426600 in 60 samples of 7110 calls.
             Execution time mean : 421.694201 µs
    Execution time std-deviation : 486.381326 µs
   Execution time lower quantile : 140.030270 µs ( 2.5%)
   Execution time upper quantile : 1.433579 ms (97.5%)
                   Overhead used : 17.896450 ns

Found 11 outliers in 60 samples (18.3333 %)
	low-severe	 11 (18.3333 %)
 Variance from outliers : 98.3144 % Variance is severely inflated by outliers

- optimal hints/macros on aset, CGrande
---------------------------------------
once-only reference:
(clojure.core/dotimes [i matrixtests-test/nx] (clojure.core/dotimes [j matrixtests-test/ny] (deep-aset doubles dd i j 42.0)))
"Elapsed time: 3.173711 msecs"
Evaluation count : 425700 in 60 samples of 7095 calls.
             Execution time mean : 542.116776 µs
    Execution time std-deviation : 552.914767 µs
   Execution time lower quantile : 140.106266 µs ( 2.5%)
   Execution time upper quantile : 1.442933 ms (97.5%)
                   Overhead used : 17.896450 ns

- optimal hints/macros/cg-aset! on aset, CGrande
------------------------------------------------
once-only reference:
(clojure.core/dotimes [i matrixtests-test/nx] (clojure.core/dotimes [j matrixtests-test/ny] (cg-aset! dd i j 42.0)))
"Elapsed time: 3.169526 msecs"
WARNING: Final GC required 15.073977976371719 % of runtime
Evaluation count : 46560 in 60 samples of 776 calls.
             Execution time mean : 577.984992 µs
    Execution time std-deviation : 621.750725 µs
   Execution time lower quantile : 140.135969 µs ( 2.5%)
   Execution time upper quantile : 1.536102 ms (97.5%)
                   Overhead used : 17.896450 ns

- optimal hints/macros/f-cg-aset! on aset, CGrande
--------------------------------------------------
once-only reference:
(clojure.core/dotimes [i matrixtests-test/nx] (clojure.core/dotimes [j matrixtests-test/ny] (f-cg-aset! dd i j 42.0)))
"Elapsed time: 4.877591 msecs"
Evaluation count : 67500 in 60 samples of 1125 calls.
             Execution time mean : 4.050112 ms
    Execution time std-deviation : 3.802342 ms
   Execution time lower quantile : 887.068869 µs ( 2.5%)
   Execution time upper quantile : 9.425390 ms (97.5%)
                   Overhead used : 17.896450 ns

- optimal hints/macros/lj-aset! on aset, LJensen
------------------------------------------------
once-only reference:
(clojure.core/dotimes [i matrixtests-test/nx] (clojure.core/dotimes [j matrixtests-test/ny] (lj-aset! dd i j 42.0)))
"Elapsed time: 3.221309 msecs"
Evaluation count : 417420 in 60 samples of 6957 calls.
             Execution time mean : 868.657161 µs
    Execution time std-deviation : 618.353383 µs
   Execution time lower quantile : 143.139791 µs ( 2.5%)
   Execution time upper quantile : 1.482619 ms (97.5%)
                   Overhead used : 17.896450 ns
[36mChecking Clatrix[0m

- Clatrix get
-------------
once-only reference:
(clojure.core/dotimes [i matrixtests-test/nx] (clojure.core/dotimes [j matrixtests-test/ny] (clx/get DD i j)))
"Elapsed time: 409.735659 msecs"
WARNING: Final GC required 2.942858974796411 % of runtime
Evaluation count : 60 in 60 samples of 1 calls.
             Execution time mean : 2.035507 sec
    Execution time std-deviation : 1.708789 sec
   Execution time lower quantile : 348.738389 ms ( 2.5%)
   Execution time upper quantile : 3.841681 sec (97.5%)
                   Overhead used : 17.896450 ns

- Clatrix set
-------------
once-only reference:
(clojure.core/dotimes [i matrixtests-test/nx] (clojure.core/dotimes [j matrixtests-test/ny] (clx/set DD i j 42.0)))
"Elapsed time: 3.460724 msecs"
WARNING: Final GC required 1.107893812730058 % of runtime
Evaluation count : 165840 in 60 samples of 2764 calls.
             Execution time mean : 1.837100 ms
    Execution time std-deviation : 1.585588 ms
   Execution time lower quantile : 362.246270 µs ( 2.5%)
   Execution time upper quantile : 3.809118 ms (97.5%)
                   Overhead used : 17.896450 ns
[36mChecking core.matrix[0m

- core.matrix mget
------------------
once-only reference:
(clojure.core/dotimes [i matrixtests-test/nx] (clojure.core/dotimes [j matrixtests-test/ny] (M/mget DCM i j)))
"Elapsed time: 7.069591 msecs"
WARNING: Final GC required 13.067568904007059 % of runtime
Evaluation count : 9120 in 60 samples of 152 calls.
             Execution time mean : 2.822574 ms
    Execution time std-deviation : 3.094702 ms
   Execution time lower quantile : 722.846717 µs ( 2.5%)
   Execution time upper quantile : 7.848584 ms (97.5%)
                   Overhead used : 17.896450 ns

- core.matrix mset
------------------
once-only reference:
(clojure.core/dotimes [i matrixtests-test/nx] (clojure.core/dotimes [j matrixtests-test/ny] (M/mset DCM i j 42.0)))
"Elapsed time: 3954.091966 msecs"
Evaluation count : 60 in 60 samples of 1 calls.
             Execution time mean : 1.224629 sec
    Execution time std-deviation : 1.527039 sec
   Execution time lower quantile : 337.266987 ms ( 2.5%)
   Execution time upper quantile : 4.065134 sec (97.5%)
                   Overhead used : 17.896450 ns

- core.matrix mset!
-------------------
once-only reference:
(clojure.core/dotimes [i matrixtests-test/nx] (clojure.core/dotimes [j matrixtests-test/ny] (M/mset! DCM i j 42.0)))
"Elapsed time: 7.185987 msecs"
WARNING: Final GC required 1.289013038313273 % of runtime
Evaluation count : 8460 in 60 samples of 141 calls.
             Execution time mean : 2.982534 ms
    Execution time std-deviation : 3.149047 ms
   Execution time lower quantile : 707.815879 µs ( 2.5%)
   Execution time upper quantile : 7.652426 ms (97.5%)
                   Overhead used : 17.896450 ns
[36mChecking get submatrix Clatrix / Clatrix[0m

- use Clatrix matrix
--------------------
once-only reference:
(clojure.core/dotimes [i 2] (E-1 DD nx-2 ny-2))
"Elapsed time: 1803.159532 msecs"
Evaluation count : 60 in 60 samples of 1 calls.
             Execution time mean : 3.441709 sec
    Execution time std-deviation : 3.336816 sec
   Execution time lower quantile : 692.207492 ms ( 2.5%)
   Execution time upper quantile : 7.797132 sec (97.5%)
                   Overhead used : 17.896450 ns

- use "[[D", finally cast to Clatrix matrix
-------------------------------------------
once-only reference:
(clojure.core/dotimes [i 2] (E-2 DD nx-2 ny-2))
"Elapsed time: 7550.433529 msecs"
WARNING: Final GC required 1.302644125030101 % of runtime
Evaluation count : 60 in 60 samples of 1 calls.
             Execution time mean : 4.271427 sec
    Execution time std-deviation : 3.479654 sec
   Execution time lower quantile : 696.876860 ms ( 2.5%)
   Execution time upper quantile : 8.024024 sec (97.5%)
                   Overhead used : 17.896450 ns

- use Clatrix/from-indices
--------------------------
once-only reference:
(clojure.core/dotimes [i 2] (E-3 DD nx-2 ny-2))
"Elapsed time: 5341.990576 msecs"
Evaluation count : 60 in 60 samples of 1 calls.
             Execution time mean : 10.022308 sec
    Execution time std-deviation : 7.694604 sec
   Execution time lower quantile : 1.549824 sec ( 2.5%)
   Execution time upper quantile : 18.365778 sec (97.5%)
                   Overhead used : 17.896450 ns
[36mChecking Clatrix clx/+/-/* on Clatrix submatrix[0m

- Clatrix/+
-----------
once-only reference:
(clojure.core/dotimes [i matrixtests-test/nx] (clojure.core/dotimes [j matrixtests-test/ny] (clx/set DD i j 42.0)))
"Elapsed time: 2.472332 msecs"
(clx/+ (E-2 DD nx-2 ny-2) (E-2 DD nx-2 ny-2))
"Elapsed time: 714.008244 msecs"
WARNING: Final GC required 1.129070599346598 % of runtime
Evaluation count : 60 in 60 samples of 1 calls.
             Execution time mean : 4.954040 sec
    Execution time std-deviation : 3.287172 sec
   Execution time lower quantile : 695.348993 ms ( 2.5%)
   Execution time upper quantile : 7.859905 sec (97.5%)
                   Overhead used : 17.896450 ns

- Clatrix/-
-----------
once-only reference:
(clx/- (E-2 DD nx-2 ny-2) (E-2 DD nx-2 ny-2))
"Elapsed time: 7725.992294 msecs"
WARNING: Final GC required 1.180813297227592 % of runtime
Evaluation count : 60 in 60 samples of 1 calls.
             Execution time mean : 4.899454 sec
    Execution time std-deviation : 3.334454 sec
   Execution time lower quantile : 695.216360 ms ( 2.5%)
   Execution time upper quantile : 7.894082 sec (97.5%)
                   Overhead used : 17.896450 ns

- Clatrix/*
-----------
once-only reference:
(clx/* (E-2 DD nx-2 ny-2) (E-2 DD nx-2 ny-2))
"Elapsed time: 7562.149492 msecs"
WARNING: Final GC required 1.115254942972901 % of runtime
Evaluation count : 60 in 60 samples of 1 calls.
             Execution time mean : 5.187224 sec
    Execution time std-deviation : 3.240367 sec
   Execution time lower quantile : 699.773875 ms ( 2.5%)
   Execution time upper quantile : 7.971210 sec (97.5%)
                   Overhead used : 17.896450 ns
[36mChecking core.matrix M/add/sub/mul on core.matrix/submatrix[0m

- core.matrix/add
-----------------
once-only reference:
(M/add (E-4 DCM nx-2 ny-2) (E-4 DCM nx-2 ny-2))
"Elapsed time: 2.466884 msecs"
WARNING: Final GC required 7.810197462783313 % of runtime
Evaluation count : 31620 in 60 samples of 527 calls.
             Execution time mean : 1.407343 ms
    Execution time std-deviation : 759.194978 µs
   Execution time lower quantile : 181.581545 µs ( 2.5%)
   Execution time upper quantile : 2.040131 ms (97.5%)
                   Overhead used : 17.896450 ns

- core.matrix/sub
-----------------
once-only reference:
(M/sub (E-4 DCM nx-2 ny-2) (E-4 DCM nx-2 ny-2))
"Elapsed time: 1.101198 msecs"
WARNING: Final GC required 9.796443979640635 % of runtime
Evaluation count : 34440 in 60 samples of 574 calls.
             Execution time mean : 1.065892 ms
    Execution time std-deviation : 876.405509 µs
   Execution time lower quantile : 184.060857 µs ( 2.5%)
   Execution time upper quantile : 2.085277 ms (97.5%)
                   Overhead used : 17.896450 ns

- core.matrix/mmul
------------------
once-only reference:
(M/mmul (E-4 DCM nx-2 ny-2) (E-4 DCM nx-2 ny-2))
"Elapsed time: 1294.951416 msecs"
WARNING: Final GC required 1.108526957636528 % of runtime
Evaluation count : 480 in 60 samples of 8 calls.
             Execution time mean : 61.860900 ms
    Execution time std-deviation : 64.537772 ms
   Execution time lower quantile : 14.687044 ms ( 2.5%)
   Execution time upper quantile : 150.934200 ms (97.5%)
                   Overhead used : 17.896450 ns

Total elapsed time for all tests
--------------------------------
 :  7430359.808269  ms.
[32mAll checks (21) succeeded.[0m
